[Cassette: 'the add a company process/adds a new company'] Initialized with options: {:record=>:once, :match_requests_on=>[:method, :uri], :allow_unused_http_interactions=>true, :serialize_with=>:yaml, :persist_with=>:file_system}
  [Cassette: 'the add a company process/adds a new company'] Initialized HTTPInteractionList with request matchers [:method, :uri] and 0 interaction(s): {  }
[Cassette: 'save_company'] Initialized with options: {:record=>:new_episodes, :match_requests_on=>[:method, :uri], :allow_unused_http_interactions=>true, :serialize_with=>:yaml, :persist_with=>:file_system}
[webmock] Handling request: [get http://127.0.0.1:64608/__identify__] (disabled: false)
[webmock] Identified request type (ignored) for [get http://127.0.0.1:64608/__identify__]
[webmock] Handling request: [get http://127.0.0.1:64608/__identify__] (disabled: false)
[webmock] Identified request type (ignored) for [get http://127.0.0.1:64608/__identify__]
[webmock] Handling request: [get http://127.0.0.1:64608/__identify__] (disabled: false)
[webmock] Identified request type (ignored) for [get http://127.0.0.1:64608/__identify__]
[Cassette: 'the add a company process/gives an error when no title or genre is entered'] Initialized with options: {:record=>:once, :match_requests_on=>[:method, :uri], :allow_unused_http_interactions=>true, :serialize_with=>:yaml, :persist_with=>:file_system}
[Cassette: 'the add a contact process/adds a new contact'] Initialized with options: {:record=>:once, :match_requests_on=>[:method, :uri], :allow_unused_http_interactions=>true, :serialize_with=>:yaml, :persist_with=>:file_system}
[webmock] Handling request: [get https://api.fullcontact.com/v2/company/lookup.json?apiKey=82d66c9534032f31&domain=airbnb.com] (disabled: false)
[VCR::Configuration] before_playback: replacing "<full contact api key>" with "82d66c9534032f31"
  [Cassette: 'the add a contact process/adds a new contact'] Initialized HTTPInteractionList with request matchers [:method, :uri] and 1 interaction(s): { [get https://api.fullcontact.com/v2/company/lookup.json?apiKey=82d66c9534032f31&domain=airbnb.com] => [200 "\x1F\x8B\b\x00\x00\x00\x00\x00\x00\x00\xADXk\x92\e\xB7\x11\xFE\xAFS \xFC\x93\xA4Lr\xE7\xFD\xF0\xBF\xD5J\x8A\xB6,\xC9[^9\xAET\x9CR\xE1\xD1C\";\x04\xC6\x18\xCCR\x94KU9Dn\xE0\xA3\xF8&9I\x1A\x98!9\xE4\xCE\xCA\x8A\x9C_$\xBB\e\x8D\xEE"] }
  [Cassette: 'the add a contact process/adds a new contact'] Checking if [get https://api.fullcontact.com/v2/company/lookup.json?apiKey=82d66c9534032f31&domain=airbnb.com] matches [get https://api.fullcontact.com/v2/company/lookup.json?apiKey=82d66c9534032f31&domain=airbnb.com] using [:method, :uri]
    [Cassette: 'the add a contact process/adds a new contact'] method (matched): current request [get https://api.fullcontact.com/v2/company/lookup.json?apiKey=82d66c9534032f31&domain=airbnb.com] vs [get https://api.fullcontact.com/v2/company/lookup.json?apiKey=82d66c9534032f31&domain=airbnb.com]
    [Cassette: 'the add a contact process/adds a new contact'] uri (matched): current request [get https://api.fullcontact.com/v2/company/lookup.json?apiKey=82d66c9534032f31&domain=airbnb.com] vs [get https://api.fullcontact.com/v2/company/lookup.json?apiKey=82d66c9534032f31&domain=airbnb.com]
  [Cassette: 'the add a contact process/adds a new contact'] Found matching interaction for [get https://api.fullcontact.com/v2/company/lookup.json?apiKey=82d66c9534032f31&domain=airbnb.com] at index 0: [200 "\x1F\x8B\b\x00\x00\x00\x00\x00\x00\x00\xADXk\x92\e\xB7\x11\xFE\xAFS \xFC\x93\xA4Lr\xE7\xFD\xF0\xBF\xD5J\x8A\xB6,\xC9[^9\xAET\x9CR\xE1\xD1C\";\x04\xC6\x18\xCCR\x94KU9Dn\xE0\xA3\xF8&9I\x1A\x98!9\xE4\xCE\xCA\x8A\x9C_$\xBB\e\x8D\xEE"]
[webmock] Identified request type (stubbed_by_vcr) for [get https://api.fullcontact.com/v2/company/lookup.json?apiKey=82d66c9534032f31&domain=airbnb.com]
[Cassette: 'the add a contact process/gives error if contact form is incomplete'] Initialized with options: {:record=>:once, :match_requests_on=>[:method, :uri], :allow_unused_http_interactions=>true, :serialize_with=>:yaml, :persist_with=>:file_system}
[webmock] Handling request: [get https://api.fullcontact.com/v2/company/lookup.json?apiKey=82d66c9534032f31&domain=airbnb.com] (disabled: false)
[VCR::Configuration] before_playback: replacing "<full contact api key>" with "82d66c9534032f31"
  [Cassette: 'the add a contact process/gives error if contact form is incomplete'] Initialized HTTPInteractionList with request matchers [:method, :uri] and 1 interaction(s): { [get https://api.fullcontact.com/v2/company/lookup.json?apiKey=82d66c9534032f31&domain=airbnb.com] => [200 "\x1F\x8B\b\x00\x00\x00\x00\x00\x00\x00\xADXk\x92\e\xB7\x11\xFE\xAFS \xFC\x93\xA4Lr\xE7\xFD\xF0\xBF\xD5J\x8A\xB6,\xC9[^9\xAET\x9CR\xE1\xD1C\";\x04\xC6\x18\xCCR\x94KU9Dn\xE0\xA3\xF8&9I\x1A\x98!9\xE4\xCE\xCA\x8A\x9C_$\xBB\e\x8D\xEE"] }
  [Cassette: 'the add a contact process/gives error if contact form is incomplete'] Checking if [get https://api.fullcontact.com/v2/company/lookup.json?apiKey=82d66c9534032f31&domain=airbnb.com] matches [get https://api.fullcontact.com/v2/company/lookup.json?apiKey=82d66c9534032f31&domain=airbnb.com] using [:method, :uri]
    [Cassette: 'the add a contact process/gives error if contact form is incomplete'] method (matched): current request [get https://api.fullcontact.com/v2/company/lookup.json?apiKey=82d66c9534032f31&domain=airbnb.com] vs [get https://api.fullcontact.com/v2/company/lookup.json?apiKey=82d66c9534032f31&domain=airbnb.com]
    [Cassette: 'the add a contact process/gives error if contact form is incomplete'] uri (matched): current request [get https://api.fullcontact.com/v2/company/lookup.json?apiKey=82d66c9534032f31&domain=airbnb.com] vs [get https://api.fullcontact.com/v2/company/lookup.json?apiKey=82d66c9534032f31&domain=airbnb.com]
  [Cassette: 'the add a contact process/gives error if contact form is incomplete'] Found matching interaction for [get https://api.fullcontact.com/v2/company/lookup.json?apiKey=82d66c9534032f31&domain=airbnb.com] at index 0: [200 "\x1F\x8B\b\x00\x00\x00\x00\x00\x00\x00\xADXk\x92\e\xB7\x11\xFE\xAFS \xFC\x93\xA4Lr\xE7\xFD\xF0\xBF\xD5J\x8A\xB6,\xC9[^9\xAET\x9CR\xE1\xD1C\";\x04\xC6\x18\xCCR\x94KU9Dn\xE0\xA3\xF8&9I\x1A\x98!9\xE4\xCE\xCA\x8A\x9C_$\xBB\e\x8D\xEE"]
[webmock] Identified request type (stubbed_by_vcr) for [get https://api.fullcontact.com/v2/company/lookup.json?apiKey=82d66c9534032f31&domain=airbnb.com]
[Cassette: 'the add a job process/adds a new job'] Initialized with options: {:record=>:once, :match_requests_on=>[:method, :uri], :allow_unused_http_interactions=>true, :serialize_with=>:yaml, :persist_with=>:file_system}
[webmock] Handling request: [get https://api.fullcontact.com/v2/company/lookup.json?apiKey=82d66c9534032f31&domain=airbnb.com] (disabled: false)
[VCR::Configuration] before_playback: replacing "<full contact api key>" with "82d66c9534032f31"
  [Cassette: 'the add a job process/adds a new job'] Initialized HTTPInteractionList with request matchers [:method, :uri] and 1 interaction(s): { [get https://api.fullcontact.com/v2/company/lookup.json?apiKey=82d66c9534032f31&domain=airbnb.com] => [200 "\x1F\x8B\b\x00\x00\x00\x00\x00\x00\x00\xADXk\x92\e\xB7\x11\xFE\xAFS \xFC\x93\xA4Lr\xE7\xFD\xF0\xBF\xD5J\x8A\xB6,\xC9[^9\xAET\x9CR\xE1\xD1C\";\x04\xC6\x18\xCCR\x94KU9Dn\xE0\xA3\xF8&9I\x1A\x98!9\xCB\x1D\xCA\x8A\x9C_$\xBB\e\x8D\xEE"] }
  [Cassette: 'the add a job process/adds a new job'] Checking if [get https://api.fullcontact.com/v2/company/lookup.json?apiKey=82d66c9534032f31&domain=airbnb.com] matches [get https://api.fullcontact.com/v2/company/lookup.json?apiKey=82d66c9534032f31&domain=airbnb.com] using [:method, :uri]
    [Cassette: 'the add a job process/adds a new job'] method (matched): current request [get https://api.fullcontact.com/v2/company/lookup.json?apiKey=82d66c9534032f31&domain=airbnb.com] vs [get https://api.fullcontact.com/v2/company/lookup.json?apiKey=82d66c9534032f31&domain=airbnb.com]
    [Cassette: 'the add a job process/adds a new job'] uri (matched): current request [get https://api.fullcontact.com/v2/company/lookup.json?apiKey=82d66c9534032f31&domain=airbnb.com] vs [get https://api.fullcontact.com/v2/company/lookup.json?apiKey=82d66c9534032f31&domain=airbnb.com]
  [Cassette: 'the add a job process/adds a new job'] Found matching interaction for [get https://api.fullcontact.com/v2/company/lookup.json?apiKey=82d66c9534032f31&domain=airbnb.com] at index 0: [200 "\x1F\x8B\b\x00\x00\x00\x00\x00\x00\x00\xADXk\x92\e\xB7\x11\xFE\xAFS \xFC\x93\xA4Lr\xE7\xFD\xF0\xBF\xD5J\x8A\xB6,\xC9[^9\xAET\x9CR\xE1\xD1C\";\x04\xC6\x18\xCCR\x94KU9Dn\xE0\xA3\xF8&9I\x1A\x98!9\xCB\x1D\xCA\x8A\x9C_$\xBB\e\x8D\xEE"]
[webmock] Identified request type (stubbed_by_vcr) for [get https://api.fullcontact.com/v2/company/lookup.json?apiKey=82d66c9534032f31&domain=airbnb.com]
[Cassette: 'the add a job process/gives an error when not all information is entered'] Initialized with options: {:record=>:once, :match_requests_on=>[:method, :uri], :allow_unused_http_interactions=>true, :serialize_with=>:yaml, :persist_with=>:file_system}
[webmock] Handling request: [get https://api.fullcontact.com/v2/company/lookup.json?apiKey=82d66c9534032f31&domain=airbnb.com] (disabled: false)
[VCR::Configuration] before_playback: replacing "<full contact api key>" with "82d66c9534032f31"
  [Cassette: 'the add a job process/gives an error when not all information is entered'] Initialized HTTPInteractionList with request matchers [:method, :uri] and 1 interaction(s): { [get https://api.fullcontact.com/v2/company/lookup.json?apiKey=82d66c9534032f31&domain=airbnb.com] => [200 "\x1F\x8B\b\x00\x00\x00\x00\x00\x00\x00\xADXk\x92\e\xB7\x11\xFE\xAFS \xFC\x93\xA4Lr\xE7\xFD\xF0\xBF\xD5J\x8A\xB6,\xC9[^9\xAET\x9CR\xE1\xD1C\";\x04\xC6\x18\xCCR\x94KU9Dn\xE0\xA3\xF8&9I\x1A\x98!9\xE4\xCE\xCA\x8A\x9C_$\xBB\e\x8D\xEE"] }
  [Cassette: 'the add a job process/gives an error when not all information is entered'] Checking if [get https://api.fullcontact.com/v2/company/lookup.json?apiKey=82d66c9534032f31&domain=airbnb.com] matches [get https://api.fullcontact.com/v2/company/lookup.json?apiKey=82d66c9534032f31&domain=airbnb.com] using [:method, :uri]
    [Cassette: 'the add a job process/gives an error when not all information is entered'] method (matched): current request [get https://api.fullcontact.com/v2/company/lookup.json?apiKey=82d66c9534032f31&domain=airbnb.com] vs [get https://api.fullcontact.com/v2/company/lookup.json?apiKey=82d66c9534032f31&domain=airbnb.com]
    [Cassette: 'the add a job process/gives an error when not all information is entered'] uri (matched): current request [get https://api.fullcontact.com/v2/company/lookup.json?apiKey=82d66c9534032f31&domain=airbnb.com] vs [get https://api.fullcontact.com/v2/company/lookup.json?apiKey=82d66c9534032f31&domain=airbnb.com]
  [Cassette: 'the add a job process/gives an error when not all information is entered'] Found matching interaction for [get https://api.fullcontact.com/v2/company/lookup.json?apiKey=82d66c9534032f31&domain=airbnb.com] at index 0: [200 "\x1F\x8B\b\x00\x00\x00\x00\x00\x00\x00\xADXk\x92\e\xB7\x11\xFE\xAFS \xFC\x93\xA4Lr\xE7\xFD\xF0\xBF\xD5J\x8A\xB6,\xC9[^9\xAET\x9CR\xE1\xD1C\";\x04\xC6\x18\xCCR\x94KU9Dn\xE0\xA3\xF8&9I\x1A\x98!9\xE4\xCE\xCA\x8A\x9C_$\xBB\e\x8D\xEE"]
[webmock] Identified request type (stubbed_by_vcr) for [get https://api.fullcontact.com/v2/company/lookup.json?apiKey=82d66c9534032f31&domain=airbnb.com]
[Cassette: 'the destroy a company process/destroys a company'] Initialized with options: {:record=>:once, :match_requests_on=>[:method, :uri], :allow_unused_http_interactions=>true, :serialize_with=>:yaml, :persist_with=>:file_system}
[webmock] Handling request: [get https://api.fullcontact.com/v2/company/lookup.json?apiKey=82d66c9534032f31&domain=airbnb.com] (disabled: false)
[VCR::Configuration] before_playback: replacing "<full contact api key>" with "82d66c9534032f31"
  [Cassette: 'the destroy a company process/destroys a company'] Initialized HTTPInteractionList with request matchers [:method, :uri] and 1 interaction(s): { [get https://api.fullcontact.com/v2/company/lookup.json?apiKey=82d66c9534032f31&domain=airbnb.com] => [200 "\x1F\x8B\b\x00\x00\x00\x00\x00\x00\x00\xADXk\x92\e\xB7\x11\xFE\xAFS \xFC\x93\xA4Lr\xE7\xFD\xF0\xBF\xD5J\x8A\xB6,\xC9[^9\xAET\x9CR\xE1\xD1C\";\x04\xC6\x18\xCCR\x94KU9Dn\xE0\xA3\xF8&9I\x1A\x98!9\xE4\xCE\xCA\x8A\x9C_$\xBB\e\x8D\xEE"] }
  [Cassette: 'the destroy a company process/destroys a company'] Checking if [get https://api.fullcontact.com/v2/company/lookup.json?apiKey=82d66c9534032f31&domain=airbnb.com] matches [get https://api.fullcontact.com/v2/company/lookup.json?apiKey=82d66c9534032f31&domain=airbnb.com] using [:method, :uri]
    [Cassette: 'the destroy a company process/destroys a company'] method (matched): current request [get https://api.fullcontact.com/v2/company/lookup.json?apiKey=82d66c9534032f31&domain=airbnb.com] vs [get https://api.fullcontact.com/v2/company/lookup.json?apiKey=82d66c9534032f31&domain=airbnb.com]
    [Cassette: 'the destroy a company process/destroys a company'] uri (matched): current request [get https://api.fullcontact.com/v2/company/lookup.json?apiKey=82d66c9534032f31&domain=airbnb.com] vs [get https://api.fullcontact.com/v2/company/lookup.json?apiKey=82d66c9534032f31&domain=airbnb.com]
  [Cassette: 'the destroy a company process/destroys a company'] Found matching interaction for [get https://api.fullcontact.com/v2/company/lookup.json?apiKey=82d66c9534032f31&domain=airbnb.com] at index 0: [200 "\x1F\x8B\b\x00\x00\x00\x00\x00\x00\x00\xADXk\x92\e\xB7\x11\xFE\xAFS \xFC\x93\xA4Lr\xE7\xFD\xF0\xBF\xD5J\x8A\xB6,\xC9[^9\xAET\x9CR\xE1\xD1C\";\x04\xC6\x18\xCCR\x94KU9Dn\xE0\xA3\xF8&9I\x1A\x98!9\xE4\xCE\xCA\x8A\x9C_$\xBB\e\x8D\xEE"]
[webmock] Identified request type (stubbed_by_vcr) for [get https://api.fullcontact.com/v2/company/lookup.json?apiKey=82d66c9534032f31&domain=airbnb.com]
[Cassette: 'the delete a contact process/deletes a contact'] Initialized with options: {:record=>:once, :match_requests_on=>[:method, :uri], :allow_unused_http_interactions=>true, :serialize_with=>:yaml, :persist_with=>:file_system}
[webmock] Handling request: [get https://api.fullcontact.com/v2/company/lookup.json?apiKey=82d66c9534032f31&domain=airbnb.com] (disabled: false)
[VCR::Configuration] before_playback: replacing "<full contact api key>" with "82d66c9534032f31"
  [Cassette: 'the delete a contact process/deletes a contact'] Initialized HTTPInteractionList with request matchers [:method, :uri] and 1 interaction(s): { [get https://api.fullcontact.com/v2/company/lookup.json?apiKey=82d66c9534032f31&domain=airbnb.com] => [200 "\x1F\x8B\b\x00\x00\x00\x00\x00\x00\x00\xADXk\x92\e\xB7\x11\xFE\xAFS \xFC\x93\xA4Lr\xE7\xFD\xF0\xBF\xD5J\x8A\xB6,\xC9[^9\xAET\x9CR\xE1\xD1C\";\x04\xC6\x18\xCCR\x94KU9Dn\xE0\xA3\xF8&9I\x1A\x98!9\xE4\xCE\xCA\x8A\x9C_$\xBB\e\x8D\xEE"] }
  [Cassette: 'the delete a contact process/deletes a contact'] Checking if [get https://api.fullcontact.com/v2/company/lookup.json?apiKey=82d66c9534032f31&domain=airbnb.com] matches [get https://api.fullcontact.com/v2/company/lookup.json?apiKey=82d66c9534032f31&domain=airbnb.com] using [:method, :uri]
    [Cassette: 'the delete a contact process/deletes a contact'] method (matched): current request [get https://api.fullcontact.com/v2/company/lookup.json?apiKey=82d66c9534032f31&domain=airbnb.com] vs [get https://api.fullcontact.com/v2/company/lookup.json?apiKey=82d66c9534032f31&domain=airbnb.com]
    [Cassette: 'the delete a contact process/deletes a contact'] uri (matched): current request [get https://api.fullcontact.com/v2/company/lookup.json?apiKey=82d66c9534032f31&domain=airbnb.com] vs [get https://api.fullcontact.com/v2/company/lookup.json?apiKey=82d66c9534032f31&domain=airbnb.com]
  [Cassette: 'the delete a contact process/deletes a contact'] Found matching interaction for [get https://api.fullcontact.com/v2/company/lookup.json?apiKey=82d66c9534032f31&domain=airbnb.com] at index 0: [200 "\x1F\x8B\b\x00\x00\x00\x00\x00\x00\x00\xADXk\x92\e\xB7\x11\xFE\xAFS \xFC\x93\xA4Lr\xE7\xFD\xF0\xBF\xD5J\x8A\xB6,\xC9[^9\xAET\x9CR\xE1\xD1C\";\x04\xC6\x18\xCCR\x94KU9Dn\xE0\xA3\xF8&9I\x1A\x98!9\xE4\xCE\xCA\x8A\x9C_$\xBB\e\x8D\xEE"]
[webmock] Identified request type (stubbed_by_vcr) for [get https://api.fullcontact.com/v2/company/lookup.json?apiKey=82d66c9534032f31&domain=airbnb.com]
[Cassette: 'the delete a job process/deletes a job'] Initialized with options: {:record=>:once, :match_requests_on=>[:method, :uri], :allow_unused_http_interactions=>true, :serialize_with=>:yaml, :persist_with=>:file_system}
[webmock] Handling request: [get https://api.fullcontact.com/v2/company/lookup.json?apiKey=82d66c9534032f31&domain=airbnb.com] (disabled: false)
[VCR::Configuration] before_playback: replacing "<full contact api key>" with "82d66c9534032f31"
  [Cassette: 'the delete a job process/deletes a job'] Initialized HTTPInteractionList with request matchers [:method, :uri] and 1 interaction(s): { [get https://api.fullcontact.com/v2/company/lookup.json?apiKey=82d66c9534032f31&domain=airbnb.com] => [200 "\x1F\x8B\b\x00\x00\x00\x00\x00\x00\x00\xADXk\x92\e\xB7\x11\xFE\xAFS \xFC\x93\xA4Lr\xE7\xFD\xF0\xBF\xD5J\x8A\xB6,\xC9[^9\xAET\x9CR\xE1\xD1C\";\x04\xC6\x18\xCCR\x94KU9Dn\xE0\xA3\xF8&9I\x1A\x98!9\xE4\xCE\xCA\x8A\x9C_$\xBB\e\x8D\xEE"] }
  [Cassette: 'the delete a job process/deletes a job'] Checking if [get https://api.fullcontact.com/v2/company/lookup.json?apiKey=82d66c9534032f31&domain=airbnb.com] matches [get https://api.fullcontact.com/v2/company/lookup.json?apiKey=82d66c9534032f31&domain=airbnb.com] using [:method, :uri]
    [Cassette: 'the delete a job process/deletes a job'] method (matched): current request [get https://api.fullcontact.com/v2/company/lookup.json?apiKey=82d66c9534032f31&domain=airbnb.com] vs [get https://api.fullcontact.com/v2/company/lookup.json?apiKey=82d66c9534032f31&domain=airbnb.com]
    [Cassette: 'the delete a job process/deletes a job'] uri (matched): current request [get https://api.fullcontact.com/v2/company/lookup.json?apiKey=82d66c9534032f31&domain=airbnb.com] vs [get https://api.fullcontact.com/v2/company/lookup.json?apiKey=82d66c9534032f31&domain=airbnb.com]
  [Cassette: 'the delete a job process/deletes a job'] Found matching interaction for [get https://api.fullcontact.com/v2/company/lookup.json?apiKey=82d66c9534032f31&domain=airbnb.com] at index 0: [200 "\x1F\x8B\b\x00\x00\x00\x00\x00\x00\x00\xADXk\x92\e\xB7\x11\xFE\xAFS \xFC\x93\xA4Lr\xE7\xFD\xF0\xBF\xD5J\x8A\xB6,\xC9[^9\xAET\x9CR\xE1\xD1C\";\x04\xC6\x18\xCCR\x94KU9Dn\xE0\xA3\xF8&9I\x1A\x98!9\xE4\xCE\xCA\x8A\x9C_$\xBB\e\x8D\xEE"]
[webmock] Identified request type (stubbed_by_vcr) for [get https://api.fullcontact.com/v2/company/lookup.json?apiKey=82d66c9534032f31&domain=airbnb.com]
[Cassette: 'the edit a company process/edits a company'] Initialized with options: {:record=>:once, :match_requests_on=>[:method, :uri], :allow_unused_http_interactions=>true, :serialize_with=>:yaml, :persist_with=>:file_system}
[webmock] Handling request: [get https://api.fullcontact.com/v2/company/lookup.json?apiKey=82d66c9534032f31&domain=airbnb.com] (disabled: false)
[VCR::Configuration] before_playback: replacing "<full contact api key>" with "82d66c9534032f31"
  [Cassette: 'the edit a company process/edits a company'] Initialized HTTPInteractionList with request matchers [:method, :uri] and 1 interaction(s): { [get https://api.fullcontact.com/v2/company/lookup.json?apiKey=82d66c9534032f31&domain=airbnb.com] => [200 "\x1F\x8B\b\x00\x00\x00\x00\x00\x00\x00\xADXk\x92\e\xB7\x11\xFE\xAFS \xFC\x93\xA4Lr\xE7\xFD\xF0\xBF\xD5J\x8A\xB6,\xC9[^9\xAET\x9CR\xE1\xD1C\";\x04\xC6\x18\xCCR\x94KU9Dn\xE0\xA3\xF8&9I\x1A\x98!9\xE4\xCE\xCA\x8A\x9C_$\xBB\e\x8D\xEE"] }
  [Cassette: 'the edit a company process/edits a company'] Checking if [get https://api.fullcontact.com/v2/company/lookup.json?apiKey=82d66c9534032f31&domain=airbnb.com] matches [get https://api.fullcontact.com/v2/company/lookup.json?apiKey=82d66c9534032f31&domain=airbnb.com] using [:method, :uri]
    [Cassette: 'the edit a company process/edits a company'] method (matched): current request [get https://api.fullcontact.com/v2/company/lookup.json?apiKey=82d66c9534032f31&domain=airbnb.com] vs [get https://api.fullcontact.com/v2/company/lookup.json?apiKey=82d66c9534032f31&domain=airbnb.com]
    [Cassette: 'the edit a company process/edits a company'] uri (matched): current request [get https://api.fullcontact.com/v2/company/lookup.json?apiKey=82d66c9534032f31&domain=airbnb.com] vs [get https://api.fullcontact.com/v2/company/lookup.json?apiKey=82d66c9534032f31&domain=airbnb.com]
  [Cassette: 'the edit a company process/edits a company'] Found matching interaction for [get https://api.fullcontact.com/v2/company/lookup.json?apiKey=82d66c9534032f31&domain=airbnb.com] at index 0: [200 "\x1F\x8B\b\x00\x00\x00\x00\x00\x00\x00\xADXk\x92\e\xB7\x11\xFE\xAFS \xFC\x93\xA4Lr\xE7\xFD\xF0\xBF\xD5J\x8A\xB6,\xC9[^9\xAET\x9CR\xE1\xD1C\";\x04\xC6\x18\xCCR\x94KU9Dn\xE0\xA3\xF8&9I\x1A\x98!9\xE4\xCE\xCA\x8A\x9C_$\xBB\e\x8D\xEE"]
[webmock] Identified request type (stubbed_by_vcr) for [get https://api.fullcontact.com/v2/company/lookup.json?apiKey=82d66c9534032f31&domain=airbnb.com]
[Cassette: 'the edit a company process/gives error when no title is entered'] Initialized with options: {:record=>:once, :match_requests_on=>[:method, :uri], :allow_unused_http_interactions=>true, :serialize_with=>:yaml, :persist_with=>:file_system}
[webmock] Handling request: [get https://api.fullcontact.com/v2/company/lookup.json?apiKey=82d66c9534032f31&domain=airbnb.com] (disabled: false)
[VCR::Configuration] before_playback: replacing "<full contact api key>" with "82d66c9534032f31"
  [Cassette: 'the edit a company process/gives error when no title is entered'] Initialized HTTPInteractionList with request matchers [:method, :uri] and 1 interaction(s): { [get https://api.fullcontact.com/v2/company/lookup.json?apiKey=82d66c9534032f31&domain=airbnb.com] => [200 "\x1F\x8B\b\x00\x00\x00\x00\x00\x00\x00\xADXk\x92\e\xB7\x11\xFE\xAFS \xFC\x93\xA4Lr\xE7\xFD\xF0\xBF\xD5J\x8A\xB6,\xC9[^9\xAET\x9CR\xE1\xD1C\";\x04\xC6\x18\xCCR\x94KU9Dn\xE0\xA3\xF8&9I\x1A\x98!9\xE4\xCE\xCA\x8A\x9C_$\xBB\e\x8D\xEE"] }
  [Cassette: 'the edit a company process/gives error when no title is entered'] Checking if [get https://api.fullcontact.com/v2/company/lookup.json?apiKey=82d66c9534032f31&domain=airbnb.com] matches [get https://api.fullcontact.com/v2/company/lookup.json?apiKey=82d66c9534032f31&domain=airbnb.com] using [:method, :uri]
    [Cassette: 'the edit a company process/gives error when no title is entered'] method (matched): current request [get https://api.fullcontact.com/v2/company/lookup.json?apiKey=82d66c9534032f31&domain=airbnb.com] vs [get https://api.fullcontact.com/v2/company/lookup.json?apiKey=82d66c9534032f31&domain=airbnb.com]
    [Cassette: 'the edit a company process/gives error when no title is entered'] uri (matched): current request [get https://api.fullcontact.com/v2/company/lookup.json?apiKey=82d66c9534032f31&domain=airbnb.com] vs [get https://api.fullcontact.com/v2/company/lookup.json?apiKey=82d66c9534032f31&domain=airbnb.com]
  [Cassette: 'the edit a company process/gives error when no title is entered'] Found matching interaction for [get https://api.fullcontact.com/v2/company/lookup.json?apiKey=82d66c9534032f31&domain=airbnb.com] at index 0: [200 "\x1F\x8B\b\x00\x00\x00\x00\x00\x00\x00\xADXk\x92\e\xB7\x11\xFE\xAFS \xFC\x93\xA4Lr\xE7\xFD\xF0\xBF\xD5J\x8A\xB6,\xC9[^9\xAET\x9CR\xE1\xD1C\";\x04\xC6\x18\xCCR\x94KU9Dn\xE0\xA3\xF8&9I\x1A\x98!9\xE4\xCE\xCA\x8A\x9C_$\xBB\e\x8D\xEE"]
[webmock] Identified request type (stubbed_by_vcr) for [get https://api.fullcontact.com/v2/company/lookup.json?apiKey=82d66c9534032f31&domain=airbnb.com]
[Cassette: 'the edit a contact process/edits a contact'] Initialized with options: {:record=>:once, :match_requests_on=>[:method, :uri], :allow_unused_http_interactions=>true, :serialize_with=>:yaml, :persist_with=>:file_system}
[webmock] Handling request: [get https://api.fullcontact.com/v2/company/lookup.json?apiKey=82d66c9534032f31&domain=airbnb.com] (disabled: false)
[VCR::Configuration] before_playback: replacing "<full contact api key>" with "82d66c9534032f31"
  [Cassette: 'the edit a contact process/edits a contact'] Initialized HTTPInteractionList with request matchers [:method, :uri] and 1 interaction(s): { [get https://api.fullcontact.com/v2/company/lookup.json?apiKey=82d66c9534032f31&domain=airbnb.com] => [200 "\x1F\x8B\b\x00\x00\x00\x00\x00\x00\x00\xADXk\x92\e\xB7\x11\xFE\xAFS \xFC\x93\xA4Lr\xE7\xFD\xF0\xBF\xD5J\x8A\xB6,\xC9[^9\xAET\x9CR\xE1\xD1C\";\x04\xC6\x18\xCCR\x94KU9Dn\xE0\xA3\xF8&9I\x1A\x98!9\xE4\xCE\xCA\x8A\x9C_$\xBB\e\x8D\xEE"] }
  [Cassette: 'the edit a contact process/edits a contact'] Checking if [get https://api.fullcontact.com/v2/company/lookup.json?apiKey=82d66c9534032f31&domain=airbnb.com] matches [get https://api.fullcontact.com/v2/company/lookup.json?apiKey=82d66c9534032f31&domain=airbnb.com] using [:method, :uri]
    [Cassette: 'the edit a contact process/edits a contact'] method (matched): current request [get https://api.fullcontact.com/v2/company/lookup.json?apiKey=82d66c9534032f31&domain=airbnb.com] vs [get https://api.fullcontact.com/v2/company/lookup.json?apiKey=82d66c9534032f31&domain=airbnb.com]
    [Cassette: 'the edit a contact process/edits a contact'] uri (matched): current request [get https://api.fullcontact.com/v2/company/lookup.json?apiKey=82d66c9534032f31&domain=airbnb.com] vs [get https://api.fullcontact.com/v2/company/lookup.json?apiKey=82d66c9534032f31&domain=airbnb.com]
  [Cassette: 'the edit a contact process/edits a contact'] Found matching interaction for [get https://api.fullcontact.com/v2/company/lookup.json?apiKey=82d66c9534032f31&domain=airbnb.com] at index 0: [200 "\x1F\x8B\b\x00\x00\x00\x00\x00\x00\x00\xADXk\x92\e\xB7\x11\xFE\xAFS \xFC\x93\xA4Lr\xE7\xFD\xF0\xBF\xD5J\x8A\xB6,\xC9[^9\xAET\x9CR\xE1\xD1C\";\x04\xC6\x18\xCCR\x94KU9Dn\xE0\xA3\xF8&9I\x1A\x98!9\xE4\xCE\xCA\x8A\x9C_$\xBB\e\x8D\xEE"]
[webmock] Identified request type (stubbed_by_vcr) for [get https://api.fullcontact.com/v2/company/lookup.json?apiKey=82d66c9534032f31&domain=airbnb.com]
[Cassette: 'the edit a contact process/gives error when edit a contact fails'] Initialized with options: {:record=>:once, :match_requests_on=>[:method, :uri], :allow_unused_http_interactions=>true, :serialize_with=>:yaml, :persist_with=>:file_system}
[webmock] Handling request: [get https://api.fullcontact.com/v2/company/lookup.json?apiKey=82d66c9534032f31&domain=airbnb.com] (disabled: false)
[VCR::Configuration] before_playback: replacing "<full contact api key>" with "82d66c9534032f31"
  [Cassette: 'the edit a contact process/gives error when edit a contact fails'] Initialized HTTPInteractionList with request matchers [:method, :uri] and 1 interaction(s): { [get https://api.fullcontact.com/v2/company/lookup.json?apiKey=82d66c9534032f31&domain=airbnb.com] => [200 "\x1F\x8B\b\x00\x00\x00\x00\x00\x00\x00\xADXk\x92\e\xB7\x11\xFE\xAFS \xFC\x93\xA4Lr\xE7\xFD\xF0\xBF\xD5J\x8A\xB6,\xC9[^9\xAET\x9CR\xE1\xD1C\";\x04\xC6\x18\xCCR\x94KU9Dn\xE0\xA3\xF8&9I\x1A\x98!9\xE4\xCE\xCA\x8A\x9C_$\xBB\e\x8D\xEE"] }
  [Cassette: 'the edit a contact process/gives error when edit a contact fails'] Checking if [get https://api.fullcontact.com/v2/company/lookup.json?apiKey=82d66c9534032f31&domain=airbnb.com] matches [get https://api.fullcontact.com/v2/company/lookup.json?apiKey=82d66c9534032f31&domain=airbnb.com] using [:method, :uri]
    [Cassette: 'the edit a contact process/gives error when edit a contact fails'] method (matched): current request [get https://api.fullcontact.com/v2/company/lookup.json?apiKey=82d66c9534032f31&domain=airbnb.com] vs [get https://api.fullcontact.com/v2/company/lookup.json?apiKey=82d66c9534032f31&domain=airbnb.com]
    [Cassette: 'the edit a contact process/gives error when edit a contact fails'] uri (matched): current request [get https://api.fullcontact.com/v2/company/lookup.json?apiKey=82d66c9534032f31&domain=airbnb.com] vs [get https://api.fullcontact.com/v2/company/lookup.json?apiKey=82d66c9534032f31&domain=airbnb.com]
  [Cassette: 'the edit a contact process/gives error when edit a contact fails'] Found matching interaction for [get https://api.fullcontact.com/v2/company/lookup.json?apiKey=82d66c9534032f31&domain=airbnb.com] at index 0: [200 "\x1F\x8B\b\x00\x00\x00\x00\x00\x00\x00\xADXk\x92\e\xB7\x11\xFE\xAFS \xFC\x93\xA4Lr\xE7\xFD\xF0\xBF\xD5J\x8A\xB6,\xC9[^9\xAET\x9CR\xE1\xD1C\";\x04\xC6\x18\xCCR\x94KU9Dn\xE0\xA3\xF8&9I\x1A\x98!9\xE4\xCE\xCA\x8A\x9C_$\xBB\e\x8D\xEE"]
[webmock] Identified request type (stubbed_by_vcr) for [get https://api.fullcontact.com/v2/company/lookup.json?apiKey=82d66c9534032f31&domain=airbnb.com]
[Cassette: 'the edit a job process/edits a job'] Initialized with options: {:record=>:once, :match_requests_on=>[:method, :uri], :allow_unused_http_interactions=>true, :serialize_with=>:yaml, :persist_with=>:file_system}
[webmock] Handling request: [get https://api.fullcontact.com/v2/company/lookup.json?apiKey=82d66c9534032f31&domain=airbnb.com] (disabled: false)
[VCR::Configuration] before_playback: replacing "<full contact api key>" with "82d66c9534032f31"
  [Cassette: 'the edit a job process/edits a job'] Initialized HTTPInteractionList with request matchers [:method, :uri] and 1 interaction(s): { [get https://api.fullcontact.com/v2/company/lookup.json?apiKey=82d66c9534032f31&domain=airbnb.com] => [200 "\x1F\x8B\b\x00\x00\x00\x00\x00\x00\x00\xADXk\x92\e\xB7\x11\xFE\xAFS \xFC\x93\xA4Lr\xE7\xFD\xF0\xBF\xD5J\x8A\xB6,\xC9[^9\xAET\x9CR\xE1\xD1C\";\x04\xC6\x18\xCCR\x94KU9Dn\xE0\xA3\xF8&9I\x1A\x98!9\xE4\xCE\xCA\x8A\x9C_$\xBB\e\x8D\xEE"] }
  [Cassette: 'the edit a job process/edits a job'] Checking if [get https://api.fullcontact.com/v2/company/lookup.json?apiKey=82d66c9534032f31&domain=airbnb.com] matches [get https://api.fullcontact.com/v2/company/lookup.json?apiKey=82d66c9534032f31&domain=airbnb.com] using [:method, :uri]
    [Cassette: 'the edit a job process/edits a job'] method (matched): current request [get https://api.fullcontact.com/v2/company/lookup.json?apiKey=82d66c9534032f31&domain=airbnb.com] vs [get https://api.fullcontact.com/v2/company/lookup.json?apiKey=82d66c9534032f31&domain=airbnb.com]
    [Cassette: 'the edit a job process/edits a job'] uri (matched): current request [get https://api.fullcontact.com/v2/company/lookup.json?apiKey=82d66c9534032f31&domain=airbnb.com] vs [get https://api.fullcontact.com/v2/company/lookup.json?apiKey=82d66c9534032f31&domain=airbnb.com]
  [Cassette: 'the edit a job process/edits a job'] Found matching interaction for [get https://api.fullcontact.com/v2/company/lookup.json?apiKey=82d66c9534032f31&domain=airbnb.com] at index 0: [200 "\x1F\x8B\b\x00\x00\x00\x00\x00\x00\x00\xADXk\x92\e\xB7\x11\xFE\xAFS \xFC\x93\xA4Lr\xE7\xFD\xF0\xBF\xD5J\x8A\xB6,\xC9[^9\xAET\x9CR\xE1\xD1C\";\x04\xC6\x18\xCCR\x94KU9Dn\xE0\xA3\xF8&9I\x1A\x98!9\xE4\xCE\xCA\x8A\x9C_$\xBB\e\x8D\xEE"]
[webmock] Identified request type (stubbed_by_vcr) for [get https://api.fullcontact.com/v2/company/lookup.json?apiKey=82d66c9534032f31&domain=airbnb.com]
[Cassette: 'the edit a job process/gives an error when information is not complete'] Initialized with options: {:record=>:once, :match_requests_on=>[:method, :uri], :allow_unused_http_interactions=>true, :serialize_with=>:yaml, :persist_with=>:file_system}
[webmock] Handling request: [get https://api.fullcontact.com/v2/company/lookup.json?apiKey=82d66c9534032f31&domain=airbnb.com] (disabled: false)
[VCR::Configuration] before_playback: replacing "<full contact api key>" with "82d66c9534032f31"
  [Cassette: 'the edit a job process/gives an error when information is not complete'] Initialized HTTPInteractionList with request matchers [:method, :uri] and 1 interaction(s): { [get https://api.fullcontact.com/v2/company/lookup.json?apiKey=82d66c9534032f31&domain=airbnb.com] => [200 "\x1F\x8B\b\x00\x00\x00\x00\x00\x00\x00\xADXk\x92\e\xB7\x11\xFE\xAFS \xFC\x93\xA4Lr\xE7\xFD\xF0\xBF\xD5J\x8A\xB6,\xC9[^9\xAET\x9CR\xE1\xD1C\";\x04\xC6\x18\xCCR\x94KU9Dn\xE0\xA3\xF8&9I\x1A\x98!9\xE4\xCE\xCA\x8A\x9C_$\xBB\e\x8D\xEE"] }
  [Cassette: 'the edit a job process/gives an error when information is not complete'] Checking if [get https://api.fullcontact.com/v2/company/lookup.json?apiKey=82d66c9534032f31&domain=airbnb.com] matches [get https://api.fullcontact.com/v2/company/lookup.json?apiKey=82d66c9534032f31&domain=airbnb.com] using [:method, :uri]
    [Cassette: 'the edit a job process/gives an error when information is not complete'] method (matched): current request [get https://api.fullcontact.com/v2/company/lookup.json?apiKey=82d66c9534032f31&domain=airbnb.com] vs [get https://api.fullcontact.com/v2/company/lookup.json?apiKey=82d66c9534032f31&domain=airbnb.com]
    [Cassette: 'the edit a job process/gives an error when information is not complete'] uri (matched): current request [get https://api.fullcontact.com/v2/company/lookup.json?apiKey=82d66c9534032f31&domain=airbnb.com] vs [get https://api.fullcontact.com/v2/company/lookup.json?apiKey=82d66c9534032f31&domain=airbnb.com]
  [Cassette: 'the edit a job process/gives an error when information is not complete'] Found matching interaction for [get https://api.fullcontact.com/v2/company/lookup.json?apiKey=82d66c9534032f31&domain=airbnb.com] at index 0: [200 "\x1F\x8B\b\x00\x00\x00\x00\x00\x00\x00\xADXk\x92\e\xB7\x11\xFE\xAFS \xFC\x93\xA4Lr\xE7\xFD\xF0\xBF\xD5J\x8A\xB6,\xC9[^9\xAET\x9CR\xE1\xD1C\";\x04\xC6\x18\xCCR\x94KU9Dn\xE0\xA3\xF8&9I\x1A\x98!9\xE4\xCE\xCA\x8A\x9C_$\xBB\e\x8D\xEE"]
[webmock] Identified request type (stubbed_by_vcr) for [get https://api.fullcontact.com/v2/company/lookup.json?apiKey=82d66c9534032f31&domain=airbnb.com]
[Cassette: 'the search jobs path/searches by company'] Initialized with options: {:record=>:once, :match_requests_on=>[:method, :uri], :allow_unused_http_interactions=>true, :serialize_with=>:yaml, :persist_with=>:file_system}
[webmock] Handling request: [get https://api.fullcontact.com/v2/company/lookup.json?apiKey=82d66c9534032f31&domain=airbnb.com] (disabled: false)
[VCR::Configuration] before_playback: replacing "<full contact api key>" with "82d66c9534032f31"
[VCR::Configuration] before_playback: replacing "<full contact api key>" with "82d66c9534032f31"
  [Cassette: 'the search jobs path/searches by company'] Initialized HTTPInteractionList with request matchers [:method, :uri] and 2 interaction(s): { [get https://api.fullcontact.com/v2/company/lookup.json?apiKey=82d66c9534032f31&domain=airbnb.com] => [200 "\x1F\x8B\b\x00\x00\x00\x00\x00\x00\x00\xADXk\x92\e\xB7\x11\xFE\xAFS \xFC\x93\xA4Lr\xE7\xFD\xF0\xBF\xD5J\x8A\xB6,\xC9[^9\xAET\x9CR\xE1\xD1C\";\x04\xC6\x18\xCCR\x94KU9Dn\xE0\xA3\xF8&9I\x1A\x98!9\xE4\xCE\xCA\x8A\x9C_$\xBB\e\x8D\xEE"], [get https://api.fullcontact.com/v2/company/lookup.json?apiKey=82d66c9534032f31&domain=newrelic.com] => [200 "\x1F\x8B\b\x00\x00\x00\x00\x00\x00\x00\xEDYYo\xDC8\x12~\xCF\xAF\xE0\xF6k\xDAm\x8A\x12Ii\x9E\xD6\xEBM6\xDEq\x12#\xCE`\xB0\x18,\f\x1E\xC5\xB6\xC6jQ\xAB\xC3\x9D\xCE \xFF}\x8BR\xDF\x96\x0F\f\xB2\xB3/\x03\x04\xB1\xAC\"\xEB\xF8X\xF5UQ\xFE\xED\x15"] }
  [Cassette: 'the search jobs path/searches by company'] Checking if [get https://api.fullcontact.com/v2/company/lookup.json?apiKey=82d66c9534032f31&domain=airbnb.com] matches [get https://api.fullcontact.com/v2/company/lookup.json?apiKey=82d66c9534032f31&domain=airbnb.com] using [:method, :uri]
    [Cassette: 'the search jobs path/searches by company'] method (matched): current request [get https://api.fullcontact.com/v2/company/lookup.json?apiKey=82d66c9534032f31&domain=airbnb.com] vs [get https://api.fullcontact.com/v2/company/lookup.json?apiKey=82d66c9534032f31&domain=airbnb.com]
    [Cassette: 'the search jobs path/searches by company'] uri (matched): current request [get https://api.fullcontact.com/v2/company/lookup.json?apiKey=82d66c9534032f31&domain=airbnb.com] vs [get https://api.fullcontact.com/v2/company/lookup.json?apiKey=82d66c9534032f31&domain=airbnb.com]
  [Cassette: 'the search jobs path/searches by company'] Found matching interaction for [get https://api.fullcontact.com/v2/company/lookup.json?apiKey=82d66c9534032f31&domain=airbnb.com] at index 0: [200 "\x1F\x8B\b\x00\x00\x00\x00\x00\x00\x00\xADXk\x92\e\xB7\x11\xFE\xAFS \xFC\x93\xA4Lr\xE7\xFD\xF0\xBF\xD5J\x8A\xB6,\xC9[^9\xAET\x9CR\xE1\xD1C\";\x04\xC6\x18\xCCR\x94KU9Dn\xE0\xA3\xF8&9I\x1A\x98!9\xE4\xCE\xCA\x8A\x9C_$\xBB\e\x8D\xEE"]
[webmock] Identified request type (stubbed_by_vcr) for [get https://api.fullcontact.com/v2/company/lookup.json?apiKey=82d66c9534032f31&domain=airbnb.com]
[webmock] Handling request: [get https://api.fullcontact.com/v2/company/lookup.json?apiKey=82d66c9534032f31&domain=newrelic.com] (disabled: false)
  [Cassette: 'the search jobs path/searches by company'] Checking if [get https://api.fullcontact.com/v2/company/lookup.json?apiKey=82d66c9534032f31&domain=newrelic.com] matches [get https://api.fullcontact.com/v2/company/lookup.json?apiKey=82d66c9534032f31&domain=newrelic.com] using [:method, :uri]
    [Cassette: 'the search jobs path/searches by company'] method (matched): current request [get https://api.fullcontact.com/v2/company/lookup.json?apiKey=82d66c9534032f31&domain=newrelic.com] vs [get https://api.fullcontact.com/v2/company/lookup.json?apiKey=82d66c9534032f31&domain=newrelic.com]
    [Cassette: 'the search jobs path/searches by company'] uri (matched): current request [get https://api.fullcontact.com/v2/company/lookup.json?apiKey=82d66c9534032f31&domain=newrelic.com] vs [get https://api.fullcontact.com/v2/company/lookup.json?apiKey=82d66c9534032f31&domain=newrelic.com]
  [Cassette: 'the search jobs path/searches by company'] Found matching interaction for [get https://api.fullcontact.com/v2/company/lookup.json?apiKey=82d66c9534032f31&domain=newrelic.com] at index 0: [200 "\x1F\x8B\b\x00\x00\x00\x00\x00\x00\x00\xEDYYo\xDC8\x12~\xCF\xAF\xE0\xF6k\xDAm\x8A\x12Ii\x9E\xD6\xEBM6\xDEq\x12#\xCE`\xB0\x18,\f\x1E\xC5\xB6\xC6jQ\xAB\xC3\x9D\xCE \xFF}\x8BR\xDF\x96\x0F\f\xB2\xB3/\x03\x04\xB1\xAC\"\xEB\xF8X\xF5UQ\xFE\xED\x15"]
[webmock] Identified request type (stubbed_by_vcr) for [get https://api.fullcontact.com/v2/company/lookup.json?apiKey=82d66c9534032f31&domain=newrelic.com]
[Cassette: 'the search jobs path/searches by job title'] Initialized with options: {:record=>:once, :match_requests_on=>[:method, :uri], :allow_unused_http_interactions=>true, :serialize_with=>:yaml, :persist_with=>:file_system}
[webmock] Handling request: [get https://api.fullcontact.com/v2/company/lookup.json?apiKey=82d66c9534032f31&domain=airbnb.com] (disabled: false)
[VCR::Configuration] before_playback: replacing "<full contact api key>" with "82d66c9534032f31"
[VCR::Configuration] before_playback: replacing "<full contact api key>" with "82d66c9534032f31"
  [Cassette: 'the search jobs path/searches by job title'] Initialized HTTPInteractionList with request matchers [:method, :uri] and 2 interaction(s): { [get https://api.fullcontact.com/v2/company/lookup.json?apiKey=82d66c9534032f31&domain=airbnb.com] => [200 "\x1F\x8B\b\x00\x00\x00\x00\x00\x00\x00\xADXk\x92\e\xB7\x11\xFE\xAFS \xFC\x93\xA4Lr\xE7\xFD\xF0\xBF\xD5J\x8A\xB6,\xC9[^9\xAET\x9CR\xE1\xD1C\";\x04\xC6\x18\xCCR\x94KU9Dn\xE0\xA3\xF8&9I\x1A\x98!9\xE4\xCE\xCA\x8A\x9C_$\xBB\e\x8D\xEE"], [get https://api.fullcontact.com/v2/company/lookup.json?apiKey=82d66c9534032f31&domain=newrelic.com] => [200 "\x1F\x8B\b\x00\x00\x00\x00\x00\x00\x00\xEDYIs\xDD\xB8\x11\xBE\xFBW \xEFj\xE9\t\x04\x89\x85s\x8A\xA2\xD8\xB12\xB2\xAD\xB2<5\x95\x9AJ\xA9\xB04$\x8E\xF8\b\x86\x8Bdy\xCA\xFF=\r\xF2\xED\xA2\x96\x9Ar&\x97\xB9\xF8\xD1l\xA0\x97\x0F\xDD_7\xA8\xDF^\x112"] }
  [Cassette: 'the search jobs path/searches by job title'] Checking if [get https://api.fullcontact.com/v2/company/lookup.json?apiKey=82d66c9534032f31&domain=airbnb.com] matches [get https://api.fullcontact.com/v2/company/lookup.json?apiKey=82d66c9534032f31&domain=airbnb.com] using [:method, :uri]
    [Cassette: 'the search jobs path/searches by job title'] method (matched): current request [get https://api.fullcontact.com/v2/company/lookup.json?apiKey=82d66c9534032f31&domain=airbnb.com] vs [get https://api.fullcontact.com/v2/company/lookup.json?apiKey=82d66c9534032f31&domain=airbnb.com]
    [Cassette: 'the search jobs path/searches by job title'] uri (matched): current request [get https://api.fullcontact.com/v2/company/lookup.json?apiKey=82d66c9534032f31&domain=airbnb.com] vs [get https://api.fullcontact.com/v2/company/lookup.json?apiKey=82d66c9534032f31&domain=airbnb.com]
  [Cassette: 'the search jobs path/searches by job title'] Found matching interaction for [get https://api.fullcontact.com/v2/company/lookup.json?apiKey=82d66c9534032f31&domain=airbnb.com] at index 0: [200 "\x1F\x8B\b\x00\x00\x00\x00\x00\x00\x00\xADXk\x92\e\xB7\x11\xFE\xAFS \xFC\x93\xA4Lr\xE7\xFD\xF0\xBF\xD5J\x8A\xB6,\xC9[^9\xAET\x9CR\xE1\xD1C\";\x04\xC6\x18\xCCR\x94KU9Dn\xE0\xA3\xF8&9I\x1A\x98!9\xE4\xCE\xCA\x8A\x9C_$\xBB\e\x8D\xEE"]
[webmock] Identified request type (stubbed_by_vcr) for [get https://api.fullcontact.com/v2/company/lookup.json?apiKey=82d66c9534032f31&domain=airbnb.com]
[webmock] Handling request: [get https://api.fullcontact.com/v2/company/lookup.json?apiKey=82d66c9534032f31&domain=newrelic.com] (disabled: false)
  [Cassette: 'the search jobs path/searches by job title'] Checking if [get https://api.fullcontact.com/v2/company/lookup.json?apiKey=82d66c9534032f31&domain=newrelic.com] matches [get https://api.fullcontact.com/v2/company/lookup.json?apiKey=82d66c9534032f31&domain=newrelic.com] using [:method, :uri]
    [Cassette: 'the search jobs path/searches by job title'] method (matched): current request [get https://api.fullcontact.com/v2/company/lookup.json?apiKey=82d66c9534032f31&domain=newrelic.com] vs [get https://api.fullcontact.com/v2/company/lookup.json?apiKey=82d66c9534032f31&domain=newrelic.com]
    [Cassette: 'the search jobs path/searches by job title'] uri (matched): current request [get https://api.fullcontact.com/v2/company/lookup.json?apiKey=82d66c9534032f31&domain=newrelic.com] vs [get https://api.fullcontact.com/v2/company/lookup.json?apiKey=82d66c9534032f31&domain=newrelic.com]
  [Cassette: 'the search jobs path/searches by job title'] Found matching interaction for [get https://api.fullcontact.com/v2/company/lookup.json?apiKey=82d66c9534032f31&domain=newrelic.com] at index 0: [200 "\x1F\x8B\b\x00\x00\x00\x00\x00\x00\x00\xEDYIs\xDD\xB8\x11\xBE\xFBW \xEFj\xE9\t\x04\x89\x85s\x8A\xA2\xD8\xB12\xB2\xAD\xB2<5\x95\x9AJ\xA9\xB04$\x8E\xF8\b\x86\x8Bdy\xCA\xFF=\r\xF2\xED\xA2\x96\x9Ar&\x97\xB9\xF8\xD1l\xA0\x97\x0F\xDD_7\xA8\xDF^\x112"]
[webmock] Identified request type (stubbed_by_vcr) for [get https://api.fullcontact.com/v2/company/lookup.json?apiKey=82d66c9534032f31&domain=newrelic.com]
[Cassette: 'the search jobs path/searches by job priority'] Initialized with options: {:record=>:once, :match_requests_on=>[:method, :uri], :allow_unused_http_interactions=>true, :serialize_with=>:yaml, :persist_with=>:file_system}
[webmock] Handling request: [get https://api.fullcontact.com/v2/company/lookup.json?apiKey=82d66c9534032f31&domain=airbnb.com] (disabled: false)
[VCR::Configuration] before_playback: replacing "<full contact api key>" with "82d66c9534032f31"
[VCR::Configuration] before_playback: replacing "<full contact api key>" with "82d66c9534032f31"
  [Cassette: 'the search jobs path/searches by job priority'] Initialized HTTPInteractionList with request matchers [:method, :uri] and 2 interaction(s): { [get https://api.fullcontact.com/v2/company/lookup.json?apiKey=82d66c9534032f31&domain=airbnb.com] => [200 "\x1F\x8B\b\x00\x00\x00\x00\x00\x00\x00\xADXk\x92\e\xB7\x11\xFE\xAFS \xFC\x93\xA4Lr\xE7\xFD\xF0\xBF\xD5J\x8A\xB6,\xC9[^9\xAET\x9CR\xE1\xD1C\";\x04\xC6\x18\xCCR\x94KU9Dn\xE0\xA3\xF8&9I\x1A\x98!9\xE4\xCE\xCA\x8A\x9C_$\xBB\e\x8D\xEE"], [get https://api.fullcontact.com/v2/company/lookup.json?apiKey=82d66c9534032f31&domain=airbnb.com] => [200 "\x1F\x8B\b\x00\x00\x00\x00\x00\x00\x00\xBDXk\x92\xDC\xB6\x11\xFE\xEFS \xF3'Iyv\x17O\x82\xF0?im\xC5\xAAH\xB6\xCA\x92\xE3J\xC5\xA9-<\x9A3\xCCr\b\x9A\xE4\xECh\xE5rU\x0E\x91\e\xE4(\xB9IN\x92\x06\xE6\xB1\xB3\xB3\\\xC9\xB1\\\xFE3Cv\x03"] }
  [Cassette: 'the search jobs path/searches by job priority'] Checking if [get https://api.fullcontact.com/v2/company/lookup.json?apiKey=82d66c9534032f31&domain=airbnb.com] matches [get https://api.fullcontact.com/v2/company/lookup.json?apiKey=82d66c9534032f31&domain=airbnb.com] using [:method, :uri]
    [Cassette: 'the search jobs path/searches by job priority'] method (matched): current request [get https://api.fullcontact.com/v2/company/lookup.json?apiKey=82d66c9534032f31&domain=airbnb.com] vs [get https://api.fullcontact.com/v2/company/lookup.json?apiKey=82d66c9534032f31&domain=airbnb.com]
    [Cassette: 'the search jobs path/searches by job priority'] uri (matched): current request [get https://api.fullcontact.com/v2/company/lookup.json?apiKey=82d66c9534032f31&domain=airbnb.com] vs [get https://api.fullcontact.com/v2/company/lookup.json?apiKey=82d66c9534032f31&domain=airbnb.com]
  [Cassette: 'the search jobs path/searches by job priority'] Found matching interaction for [get https://api.fullcontact.com/v2/company/lookup.json?apiKey=82d66c9534032f31&domain=airbnb.com] at index 0: [200 "\x1F\x8B\b\x00\x00\x00\x00\x00\x00\x00\xADXk\x92\e\xB7\x11\xFE\xAFS \xFC\x93\xA4Lr\xE7\xFD\xF0\xBF\xD5J\x8A\xB6,\xC9[^9\xAET\x9CR\xE1\xD1C\";\x04\xC6\x18\xCCR\x94KU9Dn\xE0\xA3\xF8&9I\x1A\x98!9\xE4\xCE\xCA\x8A\x9C_$\xBB\e\x8D\xEE"]
[webmock] Identified request type (stubbed_by_vcr) for [get https://api.fullcontact.com/v2/company/lookup.json?apiKey=82d66c9534032f31&domain=airbnb.com]
[webmock] Handling request: [get https://api.fullcontact.com/v2/company/lookup.json?apiKey=82d66c9534032f31&domain=airbnb.com] (disabled: false)
  [Cassette: 'the search jobs path/searches by job priority'] Checking if [get https://api.fullcontact.com/v2/company/lookup.json?apiKey=82d66c9534032f31&domain=airbnb.com] matches [get https://api.fullcontact.com/v2/company/lookup.json?apiKey=82d66c9534032f31&domain=airbnb.com] using [:method, :uri]
    [Cassette: 'the search jobs path/searches by job priority'] method (matched): current request [get https://api.fullcontact.com/v2/company/lookup.json?apiKey=82d66c9534032f31&domain=airbnb.com] vs [get https://api.fullcontact.com/v2/company/lookup.json?apiKey=82d66c9534032f31&domain=airbnb.com]
    [Cassette: 'the search jobs path/searches by job priority'] uri (matched): current request [get https://api.fullcontact.com/v2/company/lookup.json?apiKey=82d66c9534032f31&domain=airbnb.com] vs [get https://api.fullcontact.com/v2/company/lookup.json?apiKey=82d66c9534032f31&domain=airbnb.com]
  [Cassette: 'the search jobs path/searches by job priority'] Found matching interaction for [get https://api.fullcontact.com/v2/company/lookup.json?apiKey=82d66c9534032f31&domain=airbnb.com] at index 0: [200 "\x1F\x8B\b\x00\x00\x00\x00\x00\x00\x00\xBDXk\x92\xDC\xB6\x11\xFE\xEFS \xF3'Iyv\x17O\x82\xF0?im\xC5\xAAH\xB6\xCA\x92\xE3J\xC5\xA9-<\x9A3\xCCr\b\x9A\xE4\xECh\xE5rU\x0E\x91\e\xE4(\xB9IN\x92\x06\xE6\xB1\xB3\xB3\\\xC9\xB1\\\xFE3Cv\x03"]
[webmock] Identified request type (stubbed_by_vcr) for [get https://api.fullcontact.com/v2/company/lookup.json?apiKey=82d66c9534032f31&domain=airbnb.com]
[Cassette: 'the view jobs process/shows all jobs'] Initialized with options: {:record=>:once, :match_requests_on=>[:method, :uri], :allow_unused_http_interactions=>true, :serialize_with=>:yaml, :persist_with=>:file_system}
[webmock] Handling request: [get https://api.fullcontact.com/v2/company/lookup.json?apiKey=82d66c9534032f31&domain=airbnb.com] (disabled: false)
[VCR::Configuration] before_playback: replacing "<full contact api key>" with "82d66c9534032f31"
  [Cassette: 'the view jobs process/shows all jobs'] Initialized HTTPInteractionList with request matchers [:method, :uri] and 1 interaction(s): { [get https://api.fullcontact.com/v2/company/lookup.json?apiKey=82d66c9534032f31&domain=airbnb.com] => [200 "\x1F\x8B\b\x00\x00\x00\x00\x00\x00\x00\xADXk\x92\e\xB7\x11\xFE\xAFS \xFC\x93\xA4Lr\xE7\xFD\xF0\xBF\xD5J\x8A\xB6,\xC9[^9\xAET\x9CR\xE1\xD1C\";\x04\xC6\x18\xCCR\x94KU9Dn\xE0\xA3\xF8&9I\x1A\x98!9\xE4\xCE\xCA\x8A\x9C_$\xBB\e\x8D\xEE"] }
  [Cassette: 'the view jobs process/shows all jobs'] Checking if [get https://api.fullcontact.com/v2/company/lookup.json?apiKey=82d66c9534032f31&domain=airbnb.com] matches [get https://api.fullcontact.com/v2/company/lookup.json?apiKey=82d66c9534032f31&domain=airbnb.com] using [:method, :uri]
    [Cassette: 'the view jobs process/shows all jobs'] method (matched): current request [get https://api.fullcontact.com/v2/company/lookup.json?apiKey=82d66c9534032f31&domain=airbnb.com] vs [get https://api.fullcontact.com/v2/company/lookup.json?apiKey=82d66c9534032f31&domain=airbnb.com]
    [Cassette: 'the view jobs process/shows all jobs'] uri (matched): current request [get https://api.fullcontact.com/v2/company/lookup.json?apiKey=82d66c9534032f31&domain=airbnb.com] vs [get https://api.fullcontact.com/v2/company/lookup.json?apiKey=82d66c9534032f31&domain=airbnb.com]
  [Cassette: 'the view jobs process/shows all jobs'] Found matching interaction for [get https://api.fullcontact.com/v2/company/lookup.json?apiKey=82d66c9534032f31&domain=airbnb.com] at index 0: [200 "\x1F\x8B\b\x00\x00\x00\x00\x00\x00\x00\xADXk\x92\e\xB7\x11\xFE\xAFS \xFC\x93\xA4Lr\xE7\xFD\xF0\xBF\xD5J\x8A\xB6,\xC9[^9\xAET\x9CR\xE1\xD1C\";\x04\xC6\x18\xCCR\x94KU9Dn\xE0\xA3\xF8&9I\x1A\x98!9\xE4\xCE\xCA\x8A\x9C_$\xBB\e\x8D\xEE"]
[webmock] Identified request type (stubbed_by_vcr) for [get https://api.fullcontact.com/v2/company/lookup.json?apiKey=82d66c9534032f31&domain=airbnb.com]
[Cassette: 'the view jobs process/shows all jobs'] Initialized with options: {:record=>:once, :match_requests_on=>[:method, :uri], :allow_unused_http_interactions=>true, :serialize_with=>:yaml, :persist_with=>:file_system}
[webmock] Handling request: [get https://api.fullcontact.com/v2/company/lookup.json?apiKey=82d66c9534032f31&domain=airbnb.com] (disabled: false)
[VCR::Configuration] before_playback: replacing "<full contact api key>" with "82d66c9534032f31"
  [Cassette: 'the view jobs process/shows all jobs'] Initialized HTTPInteractionList with request matchers [:method, :uri] and 1 interaction(s): { [get https://api.fullcontact.com/v2/company/lookup.json?apiKey=82d66c9534032f31&domain=airbnb.com] => [200 "\x1F\x8B\b\x00\x00\x00\x00\x00\x00\x00\xADXk\x92\e\xB7\x11\xFE\xAFS \xFC\x93\xA4Lr\xE7\xFD\xF0\xBF\xD5J\x8A\xB6,\xC9[^9\xAET\x9CR\xE1\xD1C\";\x04\xC6\x18\xCCR\x94KU9Dn\xE0\xA3\xF8&9I\x1A\x98!9\xE4\xCE\xCA\x8A\x9C_$\xBB\e\x8D\xEE"] }
  [Cassette: 'the view jobs process/shows all jobs'] Checking if [get https://api.fullcontact.com/v2/company/lookup.json?apiKey=82d66c9534032f31&domain=airbnb.com] matches [get https://api.fullcontact.com/v2/company/lookup.json?apiKey=82d66c9534032f31&domain=airbnb.com] using [:method, :uri]
    [Cassette: 'the view jobs process/shows all jobs'] method (matched): current request [get https://api.fullcontact.com/v2/company/lookup.json?apiKey=82d66c9534032f31&domain=airbnb.com] vs [get https://api.fullcontact.com/v2/company/lookup.json?apiKey=82d66c9534032f31&domain=airbnb.com]
    [Cassette: 'the view jobs process/shows all jobs'] uri (matched): current request [get https://api.fullcontact.com/v2/company/lookup.json?apiKey=82d66c9534032f31&domain=airbnb.com] vs [get https://api.fullcontact.com/v2/company/lookup.json?apiKey=82d66c9534032f31&domain=airbnb.com]
  [Cassette: 'the view jobs process/shows all jobs'] Found matching interaction for [get https://api.fullcontact.com/v2/company/lookup.json?apiKey=82d66c9534032f31&domain=airbnb.com] at index 0: [200 "\x1F\x8B\b\x00\x00\x00\x00\x00\x00\x00\xADXk\x92\e\xB7\x11\xFE\xAFS \xFC\x93\xA4Lr\xE7\xFD\xF0\xBF\xD5J\x8A\xB6,\xC9[^9\xAET\x9CR\xE1\xD1C\";\x04\xC6\x18\xCCR\x94KU9Dn\xE0\xA3\xF8&9I\x1A\x98!9\xE4\xCE\xCA\x8A\x9C_$\xBB\e\x8D\xEE"]
[webmock] Identified request type (stubbed_by_vcr) for [get https://api.fullcontact.com/v2/company/lookup.json?apiKey=82d66c9534032f31&domain=airbnb.com]
